2026/01/11 03:07:12 asdklfjlaskdjfa
asjkldfjklasdfjklasdjf
aksdfjklasdfjlkasdf
aklsdfjçaklsdkfljaslkdfj
aksdfasdklfjaskldfj

2026/01/11 03:07:13 asdklfjlaskdjfa
asjkldfjklasdfjklasdjf
aksdfjklasdfjlkasdf
aklsdfjçaklsdkfljaslkdfj
aksdfasdklfjaskldfj

2026/01/11 03:07:13 asdklfjlaskdjfa
asjkldfjklasdfjklasdjf
aksdfjklasdfjlkasdf
aklsdfjçaklsdkfljaslkdfj
aksdfasdklfjaskldfj

2026/01/11 03:07:14 asdklfjlaskdjfa
asjkldfjklasdfjklasdjf
aksdfjklasdfjlkasdf
aklsdfjçaklsdkfljaslkdfj
aksdfasdklfjaskldfj

2026/01/11 03:07:14 asdklfjlaskdjfa
asjkldfjklasdfjklasdjf
aksdfjklasdfjlkasdf
aklsdfjçaklsdkfljaslkdfj
aksdfasdklfjaskldfj

2026/01/11 03:07:14 asdklfjlaskdjfa
asjkldfjklasdfjklasdjf
aksdfjklasdfjlkasdf
aklsdfjçaklsdkfljaslkdfj
aksdfasdklfjaskldfj

2026/01/11 03:07:14 asdklfjlaskdjfa
asjkldfjklasdfjklasdjf
aksdfjklasdfjlkasdf
aklsdfjçaklsdkfljaslkdfj
aksdfasdklfjaskldfj

2026/01/11 03:07:14 asdklfjlaskdjfa
asjkldfjklasdfjklasdjf
aksdfjklasdfjlkasdf
aklsdfjçaklsdkfljaslkdfj
aksdfasdklfjaskldfj

2026/01/11 03:07:15 asdklfjlaskdjfa
asjkldfjklasdfjklasdjf
aksdfjklasdfjlkasdf
aklsdfjçaklsdkfljaslkdfj
aksdfasdklfjaskldfj

2026/01/11 03:07:15 asdklfjlaskdjfa
asjkldfjklasdfjklasdjf
aksdfjklasdfjlkasdf
aklsdfjçaklsdkfljaslkdfj
aksdfasdklfjaskldfj

2026/01/11 03:07:15 asdklfjlaskdjfa
asjkldfjklasdfjklasdjf
aksdfjklasdfjlkasdf
aklsdfjçaklsdkfljaslkdfj
aksdfasdklfjaskldfj

2026/01/11 03:07:15 asdklfjlaskdjfa
asjkldfjklasdfjklasdjf
aksdfjklasdfjlkasdf
aklsdfjçaklsdkfljaslkdfj
aksdfasdklfjaskldfj

2026/01/11 03:07:15 asdklfjlaskdjfa
asjkldfjklasdfjklasdjf
aksdfjklasdfjlkasdf
aklsdfjçaklsdkfljaslkdfj
aksdfasdklfjaskldfj

2026/01/11 03:07:15 asdklfjlaskdjfa
asjkldfjklasdfjklasdjf
aksdfjklasdfjlkasdf
aklsdfjçaklsdkfljaslkdfj
aksdfasdklfjaskldfj

2026/01/11 03:07:16 asdklfjlaskdjfa
asjkldfjklasdfjklasdjf
aksdfjklasdfjlkasdf
aklsdfjçaklsdkfljaslkdfj
aksdfasdklfjaskldfj

2026/01/11 03:07:16 asdklfjlaskdjfa
asjkldfjklasdfjklasdjf
aksdfjklasdfjlkasdf
aklsdfjçaklsdkfljaslkdfj
aksdfasdklfjaskldfj

